<?xml version="1.0" encoding="UTF-8"?>
<testng-results skipped="0" failed="0" ignored="0" total="2" passed="2">
  <reporter-output>
  </reporter-output>
  <suite name="Suite" duration-ms="17330" started-at="2018-11-20T23:31:19Z" finished-at="2018-11-20T23:31:36Z">
    <groups>
    </groups>
    <test name="Test" duration-ms="10144" started-at="2018-11-20T23:31:19Z" finished-at="2018-11-20T23:31:29Z">
      <class name="crossBrowser.NewTest">
        <test-method status="PASS" signature="verifyHome(java.lang.String)[pri:0, instance:crossBrowser.NewTest@3532ec19]" name="verifyHome" duration-ms="10090" started-at="2018-11-20T23:31:19Z" finished-at="2018-11-20T23:31:29Z">
          <params>
            <param index="0">
              <value>
                <![CDATA[chrome]]>
              </value>
            </param>
          </params>
          <reporter-output>
          </reporter-output>
        </test-method> <!-- verifyHome -->
      </class> <!-- crossBrowser.NewTest -->
    </test> <!-- Test -->
    <test name="Testfirefox" duration-ms="17330" started-at="2018-11-20T23:31:19Z" finished-at="2018-11-20T23:31:36Z">
      <class name="crossBrowser.NewTest">
        <test-method status="PASS" signature="verifyHome(java.lang.String)[pri:0, instance:crossBrowser.NewTest@464bee09]" name="verifyHome" duration-ms="17276" started-at="2018-11-20T23:31:19Z" finished-at="2018-11-20T23:31:36Z">
          <params>
            <param index="0">
              <value>
                <![CDATA[firefox]]>
              </value>
            </param>
          </params>
          <reporter-output>
          </reporter-output>
        </test-method> <!-- verifyHome -->
      </class> <!-- crossBrowser.NewTest -->
    </test> <!-- Testfirefox -->
  </suite> <!-- Suite -->
</testng-results>
